2024-02-10 22:23:10,406 - __main__ - INFO - tidb CPU(core): Retrieving resource usage metrics
2024-02-10 22:23:14,051 - __main__ - INFO - tidb CPU(core): Retrieving resource capacity
2024-02-10 22:23:14,328 - __main__ - INFO - tidb CPU(core): Analyzing capacity plan
2024-02-10 22:23:14,328 - __main__ - INFO - tidb Memory(byte): Retrieving resource usage metrics
2024-02-10 22:23:15,261 - __main__ - INFO - tidb Memory(byte): Retrieving resource capacity
2024-02-10 22:23:15,521 - __main__ - INFO - tidb Memory(byte): Analyzing capacity plan
2024-02-10 22:23:15,521 - __main__ - INFO - tikv CPU(core): Retrieving resource usage metrics
2024-02-10 22:23:16,688 - __main__ - INFO - tikv CPU(core): Retrieving resource capacity
2024-02-10 22:23:16,997 - __main__ - INFO - tikv CPU(core): Analyzing capacity plan
2024-02-10 22:23:16,997 - __main__ - INFO - tikv Memory(byte): Retrieving resource usage metrics
2024-02-10 22:23:18,678 - __main__ - INFO - tikv Memory(byte): Retrieving resource capacity
2024-02-10 22:23:18,947 - __main__ - INFO - tikv Memory(byte): Analyzing capacity plan
2024-02-10 22:23:18,947 - __main__ - INFO - tikv Storage(byte): Retrieving resource usage metrics
2024-02-10 22:23:20,432 - __main__ - INFO - tikv Storage(byte): Retrieving resource capacity
2024-02-10 22:23:20,745 - __main__ - INFO - tikv Storage(byte): Analyzing capacity plan
2024-02-10 22:23:20,745 - __main__ - INFO - pd CPU(core): Retrieving resource usage metrics
2024-02-10 22:23:21,018 - __main__ - INFO - pd CPU(core): Retrieving resource capacity
2024-02-10 22:23:21,415 - __main__ - INFO - pd CPU(core): Analyzing capacity plan
2024-02-10 22:23:21,415 - __main__ - INFO - pd Memory(byte): Retrieving resource usage metrics
2024-02-10 22:23:21,679 - __main__ - INFO - pd Memory(byte): Retrieving resource capacity
2024-02-10 22:23:21,973 - __main__ - INFO - pd Memory(byte): Analyzing capacity plan
2024-02-10 22:23:21,974 - __main__ - INFO - tiflash CPU(core): Retrieving resource usage metrics
2024-02-10 22:23:22,297 - __main__ - INFO - tiflash CPU(core): Retrieving resource capacity
2024-02-10 22:23:22,544 - __main__ - INFO - tiflash CPU(core): Analyzing capacity plan
2024-02-10 22:23:22,544 - __main__ - INFO - tiflash Memory(byte): Retrieving resource usage metrics
2024-02-10 22:23:23,020 - __main__ - INFO - tiflash Memory(byte): Retrieving resource capacity
2024-02-10 22:23:23,508 - __main__ - INFO - tiflash Memory(byte): Analyzing capacity plan
2024-02-10 22:23:23,508 - __main__ - INFO - tiflash Storage(byte): Retrieving resource usage metrics
2024-02-10 22:23:23,831 - __main__ - INFO - tiflash Storage(byte): Retrieving resource capacity
2024-02-10 22:23:24,077 - __main__ - INFO - tiflash Storage(byte): Analyzing capacity plan
2024-02-10 22:23:24,080 - __main__ - INFO - Completed. Please find the capacity plan in data/1379661944646413655_capacity_plan_2024-02-10-22-23-08.csv
